<?xml version="1.0" encoding="UTF-8"?>
<!-- Generated by org.testng.reporters.JUnitReportReporter -->
<testsuite hostname="DESKTOP-BBSBB03" failures="0" tests="1" name="runners.TestRunner" time="6.871" errors="0" timestamp="2022-05-23T00:51:38 CEST" skipped="0">
  <testcase classname="runners.TestRunner" name="runScenario" time="6.871"/>
  <system-out/>
</testsuite> <!-- runners.TestRunner -->
