<?xml version="1.0" encoding="UTF-8"?>
<!-- Generated by org.testng.reporters.JUnitReportReporter -->
<testsuite hostname="DESKTOP-BBSBB03" failures="0" tests="1" name="runners.TestRunner" time="7.406" errors="0" timestamp="2022-05-23T09:43:44 CEST" skipped="0">
  <testcase classname="runners.TestRunner" name="runScenario" time="7.406"/>
  <system-out/>
</testsuite> <!-- runners.TestRunner -->
