<?xml version="1.0" encoding="UTF-8"?>
<!-- Generated by org.testng.reporters.JUnitReportReporter -->
<testsuite hostname="DESKTOP-BBSBB03" failures="0" tests="1" name="runners.TestRunner" time="16.536" errors="0" timestamp="2022-05-23T00:53:54 CEST" skipped="0">
  <testcase classname="runners.TestRunner" name="runScenario" time="16.536"/>
  <system-out/>
</testsuite> <!-- runners.TestRunner -->
